#
# There is insufficient memory for the Java Runtime Environment to continue.
# Native memory allocation (mmap) failed to map 268435456 bytes for G1 virtual space
# Possible reasons:
#   The system is out of physical RAM or swap space
#   The process is running with CompressedOops enabled, and the Java Heap may be blocking the growth of the native heap
# Possible solutions:
#   Reduce memory load on the system
#   Increase physical memory or swap space
#   Check if swap backing store is full
#   Decrease Java heap size (-Xmx/-Xms)
#   Decrease number of Java threads
#   Decrease Java thread stack sizes (-Xss)
#   Set larger code cache with -XX:ReservedCodeCacheSize=
#   JVM is running with Zero Based Compressed Oops mode in which the Java heap is
#     placed in the first 32GB address space. The Java Heap base address is the
#     maximum limit for the native heap growth. Please use -XX:HeapBaseMinAddress
#     to set the Java Heap base and to place the Java Heap above 32GB virtual address.
# This output file may be truncated or incomplete.
#
#  Out of Memory Error (os_windows.cpp:3527), pid=24148, tid=11816
#
# JRE version:  (19.0.1+10) (build )
# Java VM: Java HotSpot(TM) 64-Bit Server VM (19.0.1+10-21, mixed mode, sharing, tiered, compressed oops, compressed class ptrs, g1 gc, windows-amd64)
# No core dump will be written. Minidumps are not enabled by default on client versions of Windows
#

---------------  S U M M A R Y ------------

Command Line: -Dfile.encoding=UTF-8 --module-path=C:\Users\PC_GaMeR\eclipse-workspace\bancoDeDados\bin -XX:+ShowCodeDetailsInExceptionMessages -Djdk.module.main=bancoDeDados bancoDeDados/bancoDeDados.CriarConta

Host: AMD Ryzen 7 1700 Eight-Core Processor          , 16 cores, 15G,  Windows 10 , 64 bit Build 19041 (10.0.19041.2251)
Time: Wed Nov 16 21:30:48 2022 Hora oficial do Brasil elapsed time: 0.014146 seconds (0d 0h 0m 0s)

---------------  T H R E A D  ---------------

Current thread (0x00000167e66569e0):  JavaThread "Unknown thread" [_thread_in_vm, id=11816, stack(0x00000026ddc00000,0x00000026ddd00000)]

Stack: [0x00000026ddc00000,0x00000026ddd00000]
Native frames: (J=compiled Java code, j=interpreted, Vv=VM code, C=native code)
V  [jvm.dll+0x6ee8fa]
V  [jvm.dll+0x857a1e]
V  [jvm.dll+0x85940e]
V  [jvm.dll+0x859ac3]
V  [jvm.dll+0x28291f]
V  [jvm.dll+0x6eb6e9]
V  [jvm.dll+0x6e028a]
V  [jvm.dll+0x357136]
V  [jvm.dll+0x35eb96]
V  [jvm.dll+0x3b555e]
V  [jvm.dll+0x3b578f]
V  [jvm.dll+0x32c6ea]
V  [jvm.dll+0x32d59e]
V  [jvm.dll+0x821b20]
V  [jvm.dll+0x3c27c1]
V  [jvm.dll+0x8022f1]
V  [jvm.dll+0x44b30f]
V  [jvm.dll+0x44cc91]
C  [jli.dll+0x5287]
C  [ucrtbase.dll+0x21bb2]
C  [KERNEL32.DLL+0x174b4]
C  [ntdll.dll+0x526a1]


---------------  P R O C E S S  ---------------

Threads class SMR info:
_java_thread_list=0x00007ffc0abed048, length=0, elements={
}

Java Threads: ( => current thread )

Other Threads:
  0x00000167e66c90a0 WorkerThread "GC Thread#0" [stack: 0x00000026ddd00000,0x00000026dde00000] [id=16524]
  0x00000167e66db7a0 ConcurrentGCThread "G1 Main Marker" [stack: 0x00000026dde00000,0x00000026ddf00000] [id=5288]
  0x00000167e66dd4f0 WorkerThread "G1 Conc#0" [stack: 0x00000026ddf00000,0x00000026de000000] [id=24628]

[error occurred during error reporting (printing all threads), id 0xc0000005, EXCEPTION_ACCESS_VIOLATION (0xc0000005) at pc=0x00007ffc0a3ad127]

VM state: not at safepoint (not fully initialized)

VM Mutex/Monitor currently owned by a thread:  ([mutex/lock_event])
[0x00000167e66528f0] Heap_lock - owner thread: 0x00000167e66569e0

Heap address: 0x0000000700c00000, size: 4084 MB, Compressed Oops mode: Zero based, Oop shift amount: 3

CDS archive(s) mapped at: [0x0000000000000000-0x0000000000000000-0x0000000000000000), size 0, SharedBaseAddress: 0x0000000800000000, ArchiveRelocationMode: 0.
Narrow klass base: 0x0000000000000000, Narrow klass shift: 0, Narrow klass range: 0x0

GC Precious Log:
 CardTable entry size: 512
 Card Set container configuration: InlinePtr #cards 4 size 8 Array Of Cards #cards 16 size 48 Howl #buckets 8 coarsen threshold 3686 Howl Bitmap #cards 512 size 80 coarsen threshold 460 Card regions per heap region 1 cards per card region 4096

Heap:
 garbage-first heap   total 0K, used 0K [0x0000000700c00000, 0x0000000800000000)
  region size 2048K, 0 young (0K), 0 survivors (0K)

[error occurred during error reporting (printing heap information), id 0xc0000005, EXCEPTION_ACCESS_VIOLATION (0xc0000005) at pc=0x00007ffc0a7b6959]

GC Heap History (0 events):
No events

Dll operation events (1 events):
Event: 0.009 Loaded shared library C:\Program Files\Java\jdk-19\bin\java.dll

Deoptimization events (0 events):
No events

Classes loaded (0 events):
No events

Classes unloaded (0 events):
No events

Classes redefined (0 events):
No events

Internal exceptions (0 events):
No events

VM Operations (0 events):
No events

Events (0 events):
No events


Dynamic libraries:
0x00007ff67a3b0000 - 0x00007ff67a3c0000 	C:\Program Files\Java\jdk-19\bin\javaw.exe
0x00007ffc73050000 - 0x00007ffc73248000 	C:\Windows\SYSTEM32\ntdll.dll
0x00007ffc71760000 - 0x00007ffc7181f000 	C:\Windows\System32\KERNEL32.DLL
0x00007ffc70dc0000 - 0x00007ffc71092000 	C:\Windows\System32\KERNELBASE.dll
0x00007ffc70a90000 - 0x00007ffc70b90000 	C:\Windows\System32\ucrtbase.dll
0x00007ffc51a80000 - 0x00007ffc51a98000 	C:\Program Files\Java\jdk-19\bin\jli.dll
0x00007ffc71640000 - 0x00007ffc716ee000 	C:\Windows\System32\ADVAPI32.dll
0x00007ffc71f50000 - 0x00007ffc71fee000 	C:\Windows\System32\msvcrt.dll
0x00007ffc54550000 - 0x00007ffc5456b000 	C:\Program Files\Java\jdk-19\bin\VCRUNTIME140.dll
0x00007ffc72800000 - 0x00007ffc7289c000 	C:\Windows\System32\sechost.dll
0x00007ffc71d50000 - 0x00007ffc71e75000 	C:\Windows\System32\RPCRT4.dll
0x00007ffc71820000 - 0x00007ffc719bd000 	C:\Windows\System32\USER32.dll
0x00007ffc70d90000 - 0x00007ffc70db2000 	C:\Windows\System32\win32u.dll
0x00007ffc64400000 - 0x00007ffc6469a000 	C:\Windows\WinSxS\amd64_microsoft.windows.common-controls_6595b64144ccf1df_6.0.19041.1110_none_60b5254171f9507e\COMCTL32.dll
0x00007ffc71d20000 - 0x00007ffc71d4b000 	C:\Windows\System32\GDI32.dll
0x00007ffc70880000 - 0x00007ffc7098f000 	C:\Windows\System32\gdi32full.dll
0x00007ffc70b90000 - 0x00007ffc70c2d000 	C:\Windows\System32\msvcp_win.dll
0x00007ffc6b180000 - 0x00007ffc6b18a000 	C:\Windows\SYSTEM32\VERSION.dll
0x00007ffc72ef0000 - 0x00007ffc72f22000 	C:\Windows\System32\IMM32.DLL
0x00007ffc696e0000 - 0x00007ffc696ec000 	C:\Program Files\Java\jdk-19\bin\vcruntime140_1.dll
0x00007ffc23440000 - 0x00007ffc234ce000 	C:\Program Files\Java\jdk-19\bin\msvcp140.dll
0x00007ffc0a070000 - 0x00007ffc0ad30000 	C:\Program Files\Java\jdk-19\bin\server\jvm.dll
0x00007ffc696d0000 - 0x00007ffc696d9000 	C:\Windows\SYSTEM32\WSOCK32.dll
0x00007ffc633c0000 - 0x00007ffc633e7000 	C:\Windows\SYSTEM32\WINMM.dll
0x00007ffc71e80000 - 0x00007ffc71eeb000 	C:\Windows\System32\WS2_32.dll
0x00007ffc6e630000 - 0x00007ffc6e642000 	C:\Windows\SYSTEM32\kernel.appcore.dll
0x00007ffc696c0000 - 0x00007ffc696ca000 	C:\Program Files\Java\jdk-19\bin\jimage.dll
0x00007ffc6a730000 - 0x00007ffc6a914000 	C:\Windows\SYSTEM32\DBGHELP.DLL
0x00007ffc6ac80000 - 0x00007ffc6acac000 	C:\Windows\SYSTEM32\dbgcore.DLL
0x00007ffc707f0000 - 0x00007ffc70872000 	C:\Windows\System32\bcryptPrimitives.dll
0x00007ffc686f0000 - 0x00007ffc68716000 	C:\Program Files\Java\jdk-19\bin\java.dll

dbghelp: loaded successfully - version: 4.0.5 - missing functions: none
symbol engine: initialized successfully - sym options: 0x614 - pdb path: .;C:\Program Files\Java\jdk-19\bin;C:\Windows\SYSTEM32;C:\Windows\WinSxS\amd64_microsoft.windows.common-controls_6595b64144ccf1df_6.0.19041.1110_none_60b5254171f9507e;C:\Program Files\Java\jdk-19\bin\server

VM Arguments:
jvm_args: -Dfile.encoding=UTF-8 --module-path=C:\Users\PC_GaMeR\eclipse-workspace\bancoDeDados\bin -XX:+ShowCodeDetailsInExceptionMessages -Djdk.module.main=bancoDeDados 
java_command: bancoDeDados/bancoDeDados.CriarConta
java_class_path (initial): <not set>
Launcher Type: SUN_STANDARD

[Global flags]
     intx CICompilerCount                          = 12                                        {product} {ergonomic}
     uint ConcGCThreads                            = 3                                         {product} {ergonomic}
     uint G1ConcRefinementThreads                  = 13                                        {product} {ergonomic}
   size_t G1HeapRegionSize                         = 2097152                                   {product} {ergonomic}
    uintx GCDrainStackTargetSize                   = 64                                        {product} {ergonomic}
   size_t InitialHeapSize                          = 268435456                                 {product} {ergonomic}
   size_t MarkStackSize                            = 4194304                                   {product} {ergonomic}
   size_t MaxHeapSize                              = 4282384384                                {product} {ergonomic}
   size_t MinHeapDeltaBytes                        = 2097152                                   {product} {ergonomic}
   size_t MinHeapSize                              = 8388608                                   {product} {ergonomic}
    uintx NonNMethodCodeHeapSize                   = 7602480                                {pd product} {ergonomic}
    uintx NonProfiledCodeHeapSize                  = 122027880                              {pd product} {ergonomic}
    uintx ProfiledCodeHeapSize                     = 122027880                              {pd product} {ergonomic}
    uintx ReservedCodeCacheSize                    = 251658240                              {pd product} {ergonomic}
     bool SegmentedCodeCache                       = true                                      {product} {ergonomic}
     bool ShowCodeDetailsInExceptionMessages       = true                                   {manageable} {command line}
   size_t SoftMaxHeapSize                          = 4282384384                             {manageable} {ergonomic}
     bool UseCompressedClassPointers               = true                           {product lp64_product} {ergonomic}
     bool UseCompressedOops                        = true                           {product lp64_product} {ergonomic}
     bool UseG1GC                                  = true                                      {product} {ergonomic}
     bool UseLargePagesIndividualAllocation        = false                                  {pd product} {ergonomic}

Logging:
Log output configuration:
 #0: stdout all=warning uptime,level,tags foldmultilines=false
 #1: stderr all=off uptime,level,tags foldmultilines=false

Environment Variables:
PATH=C:/Program Files/Java/jdk-19/bin/server;C:/Program Files/Java/jdk-19/bin;C:\Program Files\Common Files\Oracle\Java\javapath;C:\Program Files (x86)\Common Files\Oracle\Java\javapath;C:\Windows\system32;C:\Windows;C:\Windows\System32\Wbem;C:\Windows\System32\WindowsPowerShell\v1.0\;C:\Windows\System32\OpenSSH\;C:\Program Files (x86)\NVIDIA Corporation\PhysX\Common;C:\Program Files\nodejs\;C:\Program Files\Git\cmd;C:\Program Files (x86)\Gow\bin;C:\Program Files\NVIDIA Corporation\NVIDIA NvDLISR;C:\Users\PC_GaMeR\AppData\Local\Microsoft\WindowsApps;C:\Users\PC_GaMeR\AppData\Roaming\npm;C:\Users\PC_GaMeR\AppData\Local\Programs\Microsoft VS Code\bin;C:\Users\PC_GaMeR\AppData\Local\GitHubDesktop\bin;C:\Windows\System32;
USERNAME=PC_GaMeR
OS=Windows_NT
PROCESSOR_IDENTIFIER=AMD64 Family 23 Model 1 Stepping 1, AuthenticAMD
TMP=C:\Users\PC_GaMeR\AppData\Local\Temp
TEMP=C:\Users\PC_GaMeR\AppData\Local\Temp



---------------  S Y S T E M  ---------------

OS:
 Windows 10 , 64 bit Build 19041 (10.0.19041.2251)
OS uptime: 3 days 1:37 hours

CPU: total 16 (initial active 16) (16 cores per cpu, 2 threads per core) family 23 model 1 stepping 1 microcode 0x0, cx8, cmov, fxsr, ht, mmx, 3dnowpref, sse, sse2, sse3, ssse3, sse4a, sse4.1, sse4.2, popcnt, lzcnt, tsc, tscinvbit, avx, avx2, aes, clmul, bmi1, bmi2, adx, sha, fma, vzeroupper, clflush, clflushopt, rdtscp

Memory: 4k page, system-wide physical 16332M (8574M free)
TotalPageFile size 44854M (AvailPageFile size 93M)
current process WorkingSet (physical memory assigned to process): 10M, peak: 10M
current process commit charge ("private bytes"): 70M, peak: 326M

vm_info: Java HotSpot(TM) 64-Bit Server VM (19.0.1+10-21) for windows-amd64 JRE (19.0.1+10-21), built on 2022-09-14T12:45:06Z by "mach5one" with MS VC++ 17.1 (VS2022)

END.
